<?xml version="1.0" encoding="UTF-8"?>
<!-- Generated by org.testng.reporters.JUnitXMLReporter -->
<testsuite ignored="0" hostname="DESKTOP-HKAACU0" failures="0" tests="8" name="AssortedTests" time="0.092" errors="0" timestamp="2020-03-24T00:55:25 EDT">
  <testcase classname="Yugioh.AppiumTest" name="AndroidLogin" time="0.007"/>
  <testcase classname="Yugioh.AppiumTest" name="iOSLogin" time="0.001"/>
  <testcase classname="Yugioh.SeleniumTest" name="DummyTest1" time="0.0"/>
  <testcase classname="Yugioh.SeleniumTest" name="DummyTest2" time="0.001"/>
  <testcase classname="Yugioh.SeleniumTest" name="DummyTest3" time="0.0"/>
  <testcase classname="Yugioh.SeleniumTest" name="TestUsingSelenium" time="0.0"/>
  <testcase classname="Yugioh.RestApiTest" name="CapitalCity" time="0.0"/>
  <testcase classname="Yugioh.RestApiTest" name="CountyCode" time="0.001"/>
</testsuite> <!-- AssortedTests -->
