<?xml version="1.0" encoding="UTF-8"?>
<testng-results ignored="2" total="8" passed="6" failed="0" skipped="0">
  <reporter-output>
  </reporter-output>
  <suite started-at="2020-03-18T15:47:13 EDT" name="YugiohSuite" finished-at="2020-03-18T15:47:13 EDT" duration-ms="44">
    <groups>
    </groups>
    <test started-at="2020-03-18T15:47:13 EDT" name="AssortedTests" finished-at="2020-03-18T15:47:13 EDT" duration-ms="44">
      <class name="Yugioh.AppiumTest">
        <test-method signature="iOSLogin()[pri:0, instance:Yugioh.AppiumTest@69fb6037]" started-at="2020-03-18T15:47:13 EDT" name="iOSLogin" finished-at="2020-03-18T15:47:13 EDT" duration-ms="9" status="PASS">
          <reporter-output>
          </reporter-output>
        </test-method> <!-- iOSLogin -->
      </class> <!-- Yugioh.AppiumTest -->
      <class name="Yugioh.RestApiTest">
        <test-method signature="CountyCode()[pri:0, instance:Yugioh.RestApiTest@87a85e1]" started-at="2020-03-18T15:47:13 EDT" name="CountyCode" finished-at="2020-03-18T15:47:13 EDT" duration-ms="1" status="PASS">
          <reporter-output>
          </reporter-output>
        </test-method> <!-- CountyCode -->
      </class> <!-- Yugioh.RestApiTest -->
      <class name="Yugioh.SeleniumTest">
        <test-method signature="DummyTest1()[pri:0, instance:Yugioh.SeleniumTest@36d585c]" started-at="2020-03-18T15:47:13 EDT" name="DummyTest1" finished-at="2020-03-18T15:47:13 EDT" duration-ms="1" status="PASS">
          <reporter-output>
          </reporter-output>
        </test-method> <!-- DummyTest1 -->
        <test-method signature="DummyTest2()[pri:0, instance:Yugioh.SeleniumTest@36d585c]" started-at="2020-03-18T15:47:13 EDT" name="DummyTest2" finished-at="2020-03-18T15:47:13 EDT" duration-ms="1" status="PASS">
          <reporter-output>
          </reporter-output>
        </test-method> <!-- DummyTest2 -->
        <test-method signature="DummyTest3()[pri:0, instance:Yugioh.SeleniumTest@36d585c]" started-at="2020-03-18T15:47:13 EDT" name="DummyTest3" finished-at="2020-03-18T15:47:13 EDT" duration-ms="1" status="PASS">
          <reporter-output>
          </reporter-output>
        </test-method> <!-- DummyTest3 -->
        <test-method signature="TestUsingSelenium()[pri:0, instance:Yugioh.SeleniumTest@36d585c]" started-at="2020-03-18T15:47:13 EDT" name="TestUsingSelenium" finished-at="2020-03-18T15:47:13 EDT" duration-ms="1" status="PASS">
          <reporter-output>
          </reporter-output>
        </test-method> <!-- TestUsingSelenium -->
      </class> <!-- Yugioh.SeleniumTest -->
    </test> <!-- AssortedTests -->
  </suite> <!-- YugiohSuite -->
</testng-results>
